2013-09-12 15:47:17 Error: [MissingControllerException] Controller class JsController could not be found.
Exception Attributes: array (
  'class' => 'JsController',
  'plugin' => NULL,
)
Request URL: /cskplay/js/jquery-1.10.2.min.map
Stack Trace:
#0 C:\wamp\www\cskplay\app\webroot\index.php(110): Dispatcher->dispatch(Object(CakeRequest), Object(CakeResponse))
#1 {main}
2013-09-12 15:47:24 Error: [MissingControllerException] Controller class JsController could not be found.
Exception Attributes: array (
  'class' => 'JsController',
  'plugin' => NULL,
)
Request URL: /cskplay/js/jquery-1.10.2.min.map
Stack Trace:
#0 C:\wamp\www\cskplay\app\webroot\index.php(110): Dispatcher->dispatch(Object(CakeRequest), Object(CakeResponse))
#1 {main}
2013-09-12 15:48:03 Error: [MissingControllerException] Controller class JsController could not be found.
Exception Attributes: array (
  'class' => 'JsController',
  'plugin' => NULL,
)
Request URL: /cskplay/js/jquery-1.10.2.min.map
Stack Trace:
#0 C:\wamp\www\cskplay\app\webroot\index.php(110): Dispatcher->dispatch(Object(CakeRequest), Object(CakeResponse))
#1 {main}
2013-09-12 15:52:11 Error: [MissingControllerException] Controller class JsController could not be found.
Exception Attributes: array (
  'class' => 'JsController',
  'plugin' => NULL,
)
Request URL: /cskplay/js/jquery-1.10.2.min.map
Stack Trace:
#0 C:\wamp\www\cskplay\app\webroot\index.php(110): Dispatcher->dispatch(Object(CakeRequest), Object(CakeResponse))
#1 {main}
2013-09-12 15:54:16 Error: [MissingControllerException] Controller class JsController could not be found.
Exception Attributes: array (
  'class' => 'JsController',
  'plugin' => NULL,
)
Request URL: /cskplay/js/jquery-1.10.2.min.map
Stack Trace:
#0 C:\wamp\www\cskplay\app\webroot\index.php(110): Dispatcher->dispatch(Object(CakeRequest), Object(CakeResponse))
#1 {main}
2013-09-12 15:54:21 Error: [MissingControllerException] Controller class JsController could not be found.
Exception Attributes: array (
  'class' => 'JsController',
  'plugin' => NULL,
)
Request URL: /cskplay/js/jquery-1.10.2.min.map
Stack Trace:
#0 C:\wamp\www\cskplay\app\webroot\index.php(110): Dispatcher->dispatch(Object(CakeRequest), Object(CakeResponse))
#1 {main}
2013-09-12 16:11:03 Error: [MissingControllerException] Controller class JsController could not be found.
Exception Attributes: array (
  'class' => 'JsController',
  'plugin' => NULL,
)
Request URL: /cskplay/js/jquery-1.10.2.min.map
Stack Trace:
#0 C:\wamp\www\cskplay\app\webroot\index.php(110): Dispatcher->dispatch(Object(CakeRequest), Object(CakeResponse))
#1 {main}
2013-09-12 16:15:37 Error: [MissingControllerException] Controller class JsController could not be found.
Exception Attributes: array (
  'class' => 'JsController',
  'plugin' => NULL,
)
Request URL: /cskplay/js/jquery-1.10.2.min.map
Stack Trace:
#0 C:\wamp\www\cskplay\app\webroot\index.php(110): Dispatcher->dispatch(Object(CakeRequest), Object(CakeResponse))
#1 {main}
2013-09-12 16:16:47 Error: [MissingControllerException] Controller class JsController could not be found.
Exception Attributes: array (
  'class' => 'JsController',
  'plugin' => NULL,
)
Request URL: /cskplay/js/jquery-1.10.2.min.map
Stack Trace:
#0 C:\wamp\www\cskplay\app\webroot\index.php(110): Dispatcher->dispatch(Object(CakeRequest), Object(CakeResponse))
#1 {main}
2013-09-12 16:19:22 Error: [MissingControllerException] Controller class JsController could not be found.
Exception Attributes: array (
  'class' => 'JsController',
  'plugin' => NULL,
)
Request URL: /cskplay/js/jquery-1.10.2.min.map
Stack Trace:
#0 C:\wamp\www\cskplay\app\webroot\index.php(110): Dispatcher->dispatch(Object(CakeRequest), Object(CakeResponse))
#1 {main}
2013-09-12 16:19:40 Error: [MissingControllerException] Controller class JsController could not be found.
Exception Attributes: array (
  'class' => 'JsController',
  'plugin' => NULL,
)
Request URL: /cskplay/js/jquery-1.10.2.min.map
Stack Trace:
#0 C:\wamp\www\cskplay\app\webroot\index.php(110): Dispatcher->dispatch(Object(CakeRequest), Object(CakeResponse))
#1 {main}
2013-09-12 16:22:06 Error: [MissingControllerException] Controller class JsController could not be found.
Exception Attributes: array (
  'class' => 'JsController',
  'plugin' => NULL,
)
Request URL: /cskplay/js/jquery-1.10.2.min.map
Stack Trace:
#0 C:\wamp\www\cskplay\app\webroot\index.php(110): Dispatcher->dispatch(Object(CakeRequest), Object(CakeResponse))
#1 {main}
2013-09-12 16:22:20 Error: [MissingControllerException] Controller class JsController could not be found.
Exception Attributes: array (
  'class' => 'JsController',
  'plugin' => NULL,
)
Request URL: /cskplay/js/jquery-1.10.2.min.map
Stack Trace:
#0 C:\wamp\www\cskplay\app\webroot\index.php(110): Dispatcher->dispatch(Object(CakeRequest), Object(CakeResponse))
#1 {main}
2013-09-12 16:22:22 Error: [MissingControllerException] Controller class JsController could not be found.
Exception Attributes: array (
  'class' => 'JsController',
  'plugin' => NULL,
)
Request URL: /cskplay/js/jquery-1.10.2.min.map
Stack Trace:
#0 C:\wamp\www\cskplay\app\webroot\index.php(110): Dispatcher->dispatch(Object(CakeRequest), Object(CakeResponse))
#1 {main}
2013-09-12 16:23:12 Error: [MissingControllerException] Controller class JsController could not be found.
Exception Attributes: array (
  'class' => 'JsController',
  'plugin' => NULL,
)
Request URL: /cskplay/js/jquery-1.10.2.min.map
Stack Trace:
#0 C:\wamp\www\cskplay\app\webroot\index.php(110): Dispatcher->dispatch(Object(CakeRequest), Object(CakeResponse))
#1 {main}
2013-09-12 16:28:50 Error: [MissingControllerException] Controller class JsController could not be found.
Exception Attributes: array (
  'class' => 'JsController',
  'plugin' => NULL,
)
Request URL: /cskplay/js/jquery-1.10.2.min.map
Stack Trace:
#0 C:\wamp\www\cskplay\app\webroot\index.php(110): Dispatcher->dispatch(Object(CakeRequest), Object(CakeResponse))
#1 {main}
2013-09-12 16:28:51 Error: [MissingActionException] Action GamesController::purchaseGameBalls() could not be found.
Exception Attributes: array (
  'controller' => 'GamesController',
  'action' => 'purchaseGameBalls',
)
Request URL: /cskplay/Games/purchaseGameBalls
Stack Trace:
#0 C:\wamp\www\cskplay\lib\Cake\Routing\Dispatcher.php(187): Controller->invokeAction(Object(CakeRequest))
#1 C:\wamp\www\cskplay\lib\Cake\Routing\Dispatcher.php(162): Dispatcher->_invoke(Object(GamesController), Object(CakeRequest), Object(CakeResponse))
#2 C:\wamp\www\cskplay\app\webroot\index.php(110): Dispatcher->dispatch(Object(CakeRequest), Object(CakeResponse))
#3 {main}
2013-09-12 16:28:52 Error: [MissingActionException] Action GamesController::purchaseGameBalls() could not be found.
Exception Attributes: array (
  'controller' => 'GamesController',
  'action' => 'purchaseGameBalls',
)
Request URL: /cskplay/Games/purchaseGameBalls
Stack Trace:
#0 C:\wamp\www\cskplay\lib\Cake\Routing\Dispatcher.php(187): Controller->invokeAction(Object(CakeRequest))
#1 C:\wamp\www\cskplay\lib\Cake\Routing\Dispatcher.php(162): Dispatcher->_invoke(Object(GamesController), Object(CakeRequest), Object(CakeResponse))
#2 C:\wamp\www\cskplay\app\webroot\index.php(110): Dispatcher->dispatch(Object(CakeRequest), Object(CakeResponse))
#3 {main}
2013-09-12 16:28:54 Error: [MissingActionException] Action GamesController::purchaseGameBalls() could not be found.
Exception Attributes: array (
  'controller' => 'GamesController',
  'action' => 'purchaseGameBalls',
)
Request URL: /cskplay/Games/purchaseGameBalls
Stack Trace:
#0 C:\wamp\www\cskplay\lib\Cake\Routing\Dispatcher.php(187): Controller->invokeAction(Object(CakeRequest))
#1 C:\wamp\www\cskplay\lib\Cake\Routing\Dispatcher.php(162): Dispatcher->_invoke(Object(GamesController), Object(CakeRequest), Object(CakeResponse))
#2 C:\wamp\www\cskplay\app\webroot\index.php(110): Dispatcher->dispatch(Object(CakeRequest), Object(CakeResponse))
#3 {main}
2013-09-12 16:28:55 Error: [MissingControllerException] Controller class JsController could not be found.
Exception Attributes: array (
  'class' => 'JsController',
  'plugin' => NULL,
)
Request URL: /cskplay/js/jquery-1.10.2.min.map
Stack Trace:
#0 C:\wamp\www\cskplay\app\webroot\index.php(110): Dispatcher->dispatch(Object(CakeRequest), Object(CakeResponse))
#1 {main}
2013-09-12 16:29:16 Error: [MissingActionException] Action GamesController::purchaseGameBalls() could not be found.
Exception Attributes: array (
  'controller' => 'GamesController',
  'action' => 'purchaseGameBalls',
)
Request URL: /cskplay/Games/purchaseGameBalls
Stack Trace:
#0 C:\wamp\www\cskplay\lib\Cake\Routing\Dispatcher.php(187): Controller->invokeAction(Object(CakeRequest))
#1 C:\wamp\www\cskplay\lib\Cake\Routing\Dispatcher.php(162): Dispatcher->_invoke(Object(GamesController), Object(CakeRequest), Object(CakeResponse))
#2 C:\wamp\www\cskplay\app\webroot\index.php(110): Dispatcher->dispatch(Object(CakeRequest), Object(CakeResponse))
#3 {main}
2013-09-12 16:29:17 Error: [MissingActionException] Action GamesController::purchaseGameBalls() could not be found.
Exception Attributes: array (
  'controller' => 'GamesController',
  'action' => 'purchaseGameBalls',
)
Request URL: /cskplay/Games/purchaseGameBalls
Stack Trace:
#0 C:\wamp\www\cskplay\lib\Cake\Routing\Dispatcher.php(187): Controller->invokeAction(Object(CakeRequest))
#1 C:\wamp\www\cskplay\lib\Cake\Routing\Dispatcher.php(162): Dispatcher->_invoke(Object(GamesController), Object(CakeRequest), Object(CakeResponse))
#2 C:\wamp\www\cskplay\app\webroot\index.php(110): Dispatcher->dispatch(Object(CakeRequest), Object(CakeResponse))
#3 {main}
2013-09-12 16:29:19 Error: [MissingControllerException] Controller class JsController could not be found.
Exception Attributes: array (
  'class' => 'JsController',
  'plugin' => NULL,
)
Request URL: /cskplay/js/jquery-1.10.2.min.map
Stack Trace:
#0 C:\wamp\www\cskplay\app\webroot\index.php(110): Dispatcher->dispatch(Object(CakeRequest), Object(CakeResponse))
#1 {main}
2013-09-12 16:29:37 Error: [MissingControllerException] Controller class JsController could not be found.
Exception Attributes: array (
  'class' => 'JsController',
  'plugin' => NULL,
)
Request URL: /cskplay/js/jquery-1.10.2.min.map
Stack Trace:
#0 C:\wamp\www\cskplay\app\webroot\index.php(110): Dispatcher->dispatch(Object(CakeRequest), Object(CakeResponse))
#1 {main}
2013-09-12 16:29:38 Error: [MissingControllerException] Controller class JsController could not be found.
Exception Attributes: array (
  'class' => 'JsController',
  'plugin' => NULL,
)
Request URL: /cskplay/js/jquery-1.10.2.min.map
Stack Trace:
#0 C:\wamp\www\cskplay\app\webroot\index.php(110): Dispatcher->dispatch(Object(CakeRequest), Object(CakeResponse))
#1 {main}
2013-09-12 16:29:44 Error: [MissingControllerException] Controller class JsController could not be found.
Exception Attributes: array (
  'class' => 'JsController',
  'plugin' => NULL,
)
Request URL: /cskplay/js/jquery-1.10.2.min.map
Stack Trace:
#0 C:\wamp\www\cskplay\app\webroot\index.php(110): Dispatcher->dispatch(Object(CakeRequest), Object(CakeResponse))
#1 {main}
2013-09-12 16:30:00 Error: [MissingControllerException] Controller class JsController could not be found.
Exception Attributes: array (
  'class' => 'JsController',
  'plugin' => NULL,
)
Request URL: /cskplay/js/jquery-1.10.2.min.map
Stack Trace:
#0 C:\wamp\www\cskplay\app\webroot\index.php(110): Dispatcher->dispatch(Object(CakeRequest), Object(CakeResponse))
#1 {main}
2013-09-12 16:30:05 Error: [MissingControllerException] Controller class JsController could not be found.
Exception Attributes: array (
  'class' => 'JsController',
  'plugin' => NULL,
)
Request URL: /cskplay/js/jquery-1.10.2.min.map
Stack Trace:
#0 C:\wamp\www\cskplay\app\webroot\index.php(110): Dispatcher->dispatch(Object(CakeRequest), Object(CakeResponse))
#1 {main}
2013-09-12 16:30:41 Error: [MissingControllerException] Controller class JsController could not be found.
Exception Attributes: array (
  'class' => 'JsController',
  'plugin' => NULL,
)
Request URL: /cskplay/js/jquery-1.10.2.min.map
Stack Trace:
#0 C:\wamp\www\cskplay\app\webroot\index.php(110): Dispatcher->dispatch(Object(CakeRequest), Object(CakeResponse))
#1 {main}
2013-09-12 16:30:43 Error: [MissingControllerException] Controller class JsController could not be found.
Exception Attributes: array (
  'class' => 'JsController',
  'plugin' => NULL,
)
Request URL: /cskplay/js/jquery-1.10.2.min.map
Stack Trace:
#0 C:\wamp\www\cskplay\app\webroot\index.php(110): Dispatcher->dispatch(Object(CakeRequest), Object(CakeResponse))
#1 {main}
2013-09-12 16:33:31 Error: [MissingControllerException] Controller class JsController could not be found.
Exception Attributes: array (
  'class' => 'JsController',
  'plugin' => NULL,
)
Request URL: /cskplay/js/jquery-1.10.2.min.map
Stack Trace:
#0 C:\wamp\www\cskplay\app\webroot\index.php(110): Dispatcher->dispatch(Object(CakeRequest), Object(CakeResponse))
#1 {main}
2013-09-12 16:33:38 Error: [MissingControllerException] Controller class JsController could not be found.
Exception Attributes: array (
  'class' => 'JsController',
  'plugin' => NULL,
)
Request URL: /cskplay/js/jquery-1.10.2.min.map
Stack Trace:
#0 C:\wamp\www\cskplay\app\webroot\index.php(110): Dispatcher->dispatch(Object(CakeRequest), Object(CakeResponse))
#1 {main}
2013-09-12 16:33:47 Error: [MissingControllerException] Controller class JsController could not be found.
Exception Attributes: array (
  'class' => 'JsController',
  'plugin' => NULL,
)
Request URL: /cskplay/js/jquery-1.10.2.min.map
Stack Trace:
#0 C:\wamp\www\cskplay\app\webroot\index.php(110): Dispatcher->dispatch(Object(CakeRequest), Object(CakeResponse))
#1 {main}
2013-09-12 16:33:51 Error: [MissingControllerException] Controller class JsController could not be found.
Exception Attributes: array (
  'class' => 'JsController',
  'plugin' => NULL,
)
Request URL: /cskplay/js/jquery-1.10.2.min.map
Stack Trace:
#0 C:\wamp\www\cskplay\app\webroot\index.php(110): Dispatcher->dispatch(Object(CakeRequest), Object(CakeResponse))
#1 {main}
2013-09-12 16:33:52 Error: [MissingControllerException] Controller class JsController could not be found.
Exception Attributes: array (
  'class' => 'JsController',
  'plugin' => NULL,
)
Request URL: /cskplay/js/jquery-1.10.2.min.map
Stack Trace:
#0 C:\wamp\www\cskplay\app\webroot\index.php(110): Dispatcher->dispatch(Object(CakeRequest), Object(CakeResponse))
#1 {main}
2013-09-12 16:34:30 Error: [MissingControllerException] Controller class JsController could not be found.
Exception Attributes: array (
  'class' => 'JsController',
  'plugin' => NULL,
)
Request URL: /cskplay/js/jquery-1.10.2.min.map
Stack Trace:
#0 C:\wamp\www\cskplay\app\webroot\index.php(110): Dispatcher->dispatch(Object(CakeRequest), Object(CakeResponse))
#1 {main}
2013-09-12 16:34:31 Error: [MissingControllerException] Controller class JsController could not be found.
Exception Attributes: array (
  'class' => 'JsController',
  'plugin' => NULL,
)
Request URL: /cskplay/js/jquery-1.10.2.min.map
Stack Trace:
#0 C:\wamp\www\cskplay\app\webroot\index.php(110): Dispatcher->dispatch(Object(CakeRequest), Object(CakeResponse))
#1 {main}
2013-09-12 16:34:33 Error: [MissingControllerException] Controller class JsController could not be found.
Exception Attributes: array (
  'class' => 'JsController',
  'plugin' => NULL,
)
Request URL: /cskplay/js/jquery-1.10.2.min.map
Stack Trace:
#0 C:\wamp\www\cskplay\app\webroot\index.php(110): Dispatcher->dispatch(Object(CakeRequest), Object(CakeResponse))
#1 {main}
2013-09-12 16:34:34 Error: [MissingControllerException] Controller class JsController could not be found.
Exception Attributes: array (
  'class' => 'JsController',
  'plugin' => NULL,
)
Request URL: /cskplay/js/jquery-1.10.2.min.map
Stack Trace:
#0 C:\wamp\www\cskplay\app\webroot\index.php(110): Dispatcher->dispatch(Object(CakeRequest), Object(CakeResponse))
#1 {main}
2013-09-12 16:34:46 Error: [MissingControllerException] Controller class JsController could not be found.
Exception Attributes: array (
  'class' => 'JsController',
  'plugin' => NULL,
)
Request URL: /cskplay/js/jquery-1.10.2.min.map
Stack Trace:
#0 C:\wamp\www\cskplay\app\webroot\index.php(110): Dispatcher->dispatch(Object(CakeRequest), Object(CakeResponse))
#1 {main}
2013-09-12 16:34:53 Error: [MissingControllerException] Controller class JsController could not be found.
Exception Attributes: array (
  'class' => 'JsController',
  'plugin' => NULL,
)
Request URL: /cskplay/js/jquery-1.10.2.min.map
Stack Trace:
#0 C:\wamp\www\cskplay\app\webroot\index.php(110): Dispatcher->dispatch(Object(CakeRequest), Object(CakeResponse))
#1 {main}
2013-09-12 16:34:53 Error: [MissingControllerException] Controller class JsController could not be found.
Exception Attributes: array (
  'class' => 'JsController',
  'plugin' => NULL,
)
Request URL: /cskplay/js/jquery-1.10.2.min.map
Stack Trace:
#0 C:\wamp\www\cskplay\app\webroot\index.php(110): Dispatcher->dispatch(Object(CakeRequest), Object(CakeResponse))
#1 {main}
2013-09-12 16:34:58 Error: [MissingControllerException] Controller class JsController could not be found.
Exception Attributes: array (
  'class' => 'JsController',
  'plugin' => NULL,
)
Request URL: /cskplay/js/jquery-1.10.2.min.map
Stack Trace:
#0 C:\wamp\www\cskplay\app\webroot\index.php(110): Dispatcher->dispatch(Object(CakeRequest), Object(CakeResponse))
#1 {main}
2013-09-12 16:34:59 Error: [MissingControllerException] Controller class JsController could not be found.
Exception Attributes: array (
  'class' => 'JsController',
  'plugin' => NULL,
)
Request URL: /cskplay/js/jquery-1.10.2.min.map
Stack Trace:
#0 C:\wamp\www\cskplay\app\webroot\index.php(110): Dispatcher->dispatch(Object(CakeRequest), Object(CakeResponse))
#1 {main}
2013-09-12 16:35:02 Error: [MissingControllerException] Controller class JsController could not be found.
Exception Attributes: array (
  'class' => 'JsController',
  'plugin' => NULL,
)
Request URL: /cskplay/js/jquery-1.10.2.min.map
Stack Trace:
#0 C:\wamp\www\cskplay\app\webroot\index.php(110): Dispatcher->dispatch(Object(CakeRequest), Object(CakeResponse))
#1 {main}
2013-09-12 16:35:03 Error: [MissingControllerException] Controller class JsController could not be found.
Exception Attributes: array (
  'class' => 'JsController',
  'plugin' => NULL,
)
Request URL: /cskplay/js/jquery-1.10.2.min.map
Stack Trace:
#0 C:\wamp\www\cskplay\app\webroot\index.php(110): Dispatcher->dispatch(Object(CakeRequest), Object(CakeResponse))
#1 {main}
2013-09-12 16:35:05 Error: [MissingControllerException] Controller class JsController could not be found.
Exception Attributes: array (
  'class' => 'JsController',
  'plugin' => NULL,
)
Request URL: /cskplay/js/jquery-1.10.2.min.map
Stack Trace:
#0 C:\wamp\www\cskplay\app\webroot\index.php(110): Dispatcher->dispatch(Object(CakeRequest), Object(CakeResponse))
#1 {main}
2013-09-12 16:35:08 Error: [MissingControllerException] Controller class JsController could not be found.
Exception Attributes: array (
  'class' => 'JsController',
  'plugin' => NULL,
)
Request URL: /cskplay/js/jquery-1.10.2.min.map
Stack Trace:
#0 C:\wamp\www\cskplay\app\webroot\index.php(110): Dispatcher->dispatch(Object(CakeRequest), Object(CakeResponse))
#1 {main}
2013-09-12 16:35:10 Error: [MissingControllerException] Controller class JsController could not be found.
Exception Attributes: array (
  'class' => 'JsController',
  'plugin' => NULL,
)
Request URL: /cskplay/js/jquery-1.10.2.min.map
Stack Trace:
#0 C:\wamp\www\cskplay\app\webroot\index.php(110): Dispatcher->dispatch(Object(CakeRequest), Object(CakeResponse))
#1 {main}
2013-09-12 16:35:12 Error: [MissingControllerException] Controller class JsController could not be found.
Exception Attributes: array (
  'class' => 'JsController',
  'plugin' => NULL,
)
Request URL: /cskplay/js/jquery-1.10.2.min.map
Stack Trace:
#0 C:\wamp\www\cskplay\app\webroot\index.php(110): Dispatcher->dispatch(Object(CakeRequest), Object(CakeResponse))
#1 {main}
2013-09-12 16:36:00 Error: [MissingControllerException] Controller class JsController could not be found.
Exception Attributes: array (
  'class' => 'JsController',
  'plugin' => NULL,
)
Request URL: /cskplay/js/jquery-1.10.2.min.map
Stack Trace:
#0 C:\wamp\www\cskplay\app\webroot\index.php(110): Dispatcher->dispatch(Object(CakeRequest), Object(CakeResponse))
#1 {main}
2013-09-12 16:36:05 Error: [MissingControllerException] Controller class JsController could not be found.
Exception Attributes: array (
  'class' => 'JsController',
  'plugin' => NULL,
)
Request URL: /cskplay/js/jquery-1.10.2.min.map
Stack Trace:
#0 C:\wamp\www\cskplay\app\webroot\index.php(110): Dispatcher->dispatch(Object(CakeRequest), Object(CakeResponse))
#1 {main}
2013-09-12 16:36:08 Error: [MissingControllerException] Controller class JsController could not be found.
Exception Attributes: array (
  'class' => 'JsController',
  'plugin' => NULL,
)
Request URL: /cskplay/js/jquery-1.10.2.min.map
Stack Trace:
#0 C:\wamp\www\cskplay\app\webroot\index.php(110): Dispatcher->dispatch(Object(CakeRequest), Object(CakeResponse))
#1 {main}
2013-09-12 16:36:09 Error: [MissingControllerException] Controller class JsController could not be found.
Exception Attributes: array (
  'class' => 'JsController',
  'plugin' => NULL,
)
Request URL: /cskplay/js/jquery-1.10.2.min.map
Stack Trace:
#0 C:\wamp\www\cskplay\app\webroot\index.php(110): Dispatcher->dispatch(Object(CakeRequest), Object(CakeResponse))
#1 {main}
2013-09-12 16:36:13 Error: [MissingControllerException] Controller class JsController could not be found.
Exception Attributes: array (
  'class' => 'JsController',
  'plugin' => NULL,
)
Request URL: /cskplay/js/jquery-1.10.2.min.map
Stack Trace:
#0 C:\wamp\www\cskplay\app\webroot\index.php(110): Dispatcher->dispatch(Object(CakeRequest), Object(CakeResponse))
#1 {main}
2013-09-12 16:37:12 Error: [MissingControllerException] Controller class JsController could not be found.
Exception Attributes: array (
  'class' => 'JsController',
  'plugin' => NULL,
)
Request URL: /cskplay/js/jquery-1.10.2.min.map
Stack Trace:
#0 C:\wamp\www\cskplay\app\webroot\index.php(110): Dispatcher->dispatch(Object(CakeRequest), Object(CakeResponse))
#1 {main}
2013-09-12 16:37:15 Error: [MissingControllerException] Controller class JsController could not be found.
Exception Attributes: array (
  'class' => 'JsController',
  'plugin' => NULL,
)
Request URL: /cskplay/js/jquery-1.10.2.min.map
Stack Trace:
#0 C:\wamp\www\cskplay\app\webroot\index.php(110): Dispatcher->dispatch(Object(CakeRequest), Object(CakeResponse))
#1 {main}
2013-09-12 16:37:21 Error: [MissingControllerException] Controller class JsController could not be found.
Exception Attributes: array (
  'class' => 'JsController',
  'plugin' => NULL,
)
Request URL: /cskplay/js/jquery-1.10.2.min.map
Stack Trace:
#0 C:\wamp\www\cskplay\app\webroot\index.php(110): Dispatcher->dispatch(Object(CakeRequest), Object(CakeResponse))
#1 {main}
2013-09-12 16:37:22 Error: [MissingControllerException] Controller class JsController could not be found.
Exception Attributes: array (
  'class' => 'JsController',
  'plugin' => NULL,
)
Request URL: /cskplay/js/jquery-1.10.2.min.map
Stack Trace:
#0 C:\wamp\www\cskplay\app\webroot\index.php(110): Dispatcher->dispatch(Object(CakeRequest), Object(CakeResponse))
#1 {main}
2013-09-12 16:37:29 Error: [MissingControllerException] Controller class JsController could not be found.
Exception Attributes: array (
  'class' => 'JsController',
  'plugin' => NULL,
)
Request URL: /cskplay/js/jquery-1.10.2.min.map
Stack Trace:
#0 C:\wamp\www\cskplay\app\webroot\index.php(110): Dispatcher->dispatch(Object(CakeRequest), Object(CakeResponse))
#1 {main}
2013-09-12 16:37:30 Error: [MissingControllerException] Controller class JsController could not be found.
Exception Attributes: array (
  'class' => 'JsController',
  'plugin' => NULL,
)
Request URL: /cskplay/js/jquery-1.10.2.min.map
Stack Trace:
#0 C:\wamp\www\cskplay\app\webroot\index.php(110): Dispatcher->dispatch(Object(CakeRequest), Object(CakeResponse))
#1 {main}
2013-09-12 16:38:54 Error: [MissingControllerException] Controller class JsController could not be found.
Exception Attributes: array (
  'class' => 'JsController',
  'plugin' => NULL,
)
Request URL: /cskplay/js/jquery-1.10.2.min.map
Stack Trace:
#0 C:\wamp\www\cskplay\app\webroot\index.php(110): Dispatcher->dispatch(Object(CakeRequest), Object(CakeResponse))
#1 {main}
2013-09-12 16:38:55 Error: [MissingControllerException] Controller class JsController could not be found.
Exception Attributes: array (
  'class' => 'JsController',
  'plugin' => NULL,
)
Request URL: /cskplay/js/jquery-1.10.2.min.map
Stack Trace:
#0 C:\wamp\www\cskplay\app\webroot\index.php(110): Dispatcher->dispatch(Object(CakeRequest), Object(CakeResponse))
#1 {main}
2013-09-12 16:39:01 Error: [MissingControllerException] Controller class JsController could not be found.
Exception Attributes: array (
  'class' => 'JsController',
  'plugin' => NULL,
)
Request URL: /cskplay/js/jquery-1.10.2.min.map
Stack Trace:
#0 C:\wamp\www\cskplay\app\webroot\index.php(110): Dispatcher->dispatch(Object(CakeRequest), Object(CakeResponse))
#1 {main}
2013-09-12 16:39:03 Error: [MissingControllerException] Controller class JsController could not be found.
Exception Attributes: array (
  'class' => 'JsController',
  'plugin' => NULL,
)
Request URL: /cskplay/js/jquery-1.10.2.min.map
Stack Trace:
#0 C:\wamp\www\cskplay\app\webroot\index.php(110): Dispatcher->dispatch(Object(CakeRequest), Object(CakeResponse))
#1 {main}
2013-09-12 16:39:05 Error: [MissingControllerException] Controller class JsController could not be found.
Exception Attributes: array (
  'class' => 'JsController',
  'plugin' => NULL,
)
Request URL: /cskplay/js/jquery-1.10.2.min.map
Stack Trace:
#0 C:\wamp\www\cskplay\app\webroot\index.php(110): Dispatcher->dispatch(Object(CakeRequest), Object(CakeResponse))
#1 {main}
2013-09-12 16:39:11 Error: [MissingControllerException] Controller class JsController could not be found.
Exception Attributes: array (
  'class' => 'JsController',
  'plugin' => NULL,
)
Request URL: /cskplay/js/jquery-1.10.2.min.map
Stack Trace:
#0 C:\wamp\www\cskplay\app\webroot\index.php(110): Dispatcher->dispatch(Object(CakeRequest), Object(CakeResponse))
#1 {main}
2013-09-12 16:39:13 Error: [MissingControllerException] Controller class JsController could not be found.
Exception Attributes: array (
  'class' => 'JsController',
  'plugin' => NULL,
)
Request URL: /cskplay/js/jquery-1.10.2.min.map
Stack Trace:
#0 C:\wamp\www\cskplay\app\webroot\index.php(110): Dispatcher->dispatch(Object(CakeRequest), Object(CakeResponse))
#1 {main}
2013-09-12 16:39:16 Error: [MissingControllerException] Controller class JsController could not be found.
Exception Attributes: array (
  'class' => 'JsController',
  'plugin' => NULL,
)
Request URL: /cskplay/js/jquery-1.10.2.min.map
Stack Trace:
#0 C:\wamp\www\cskplay\app\webroot\index.php(110): Dispatcher->dispatch(Object(CakeRequest), Object(CakeResponse))
#1 {main}
2013-09-12 16:39:20 Error: [MissingControllerException] Controller class JsController could not be found.
Exception Attributes: array (
  'class' => 'JsController',
  'plugin' => NULL,
)
Request URL: /cskplay/js/jquery-1.10.2.min.map
Stack Trace:
#0 C:\wamp\www\cskplay\app\webroot\index.php(110): Dispatcher->dispatch(Object(CakeRequest), Object(CakeResponse))
#1 {main}
2013-09-12 16:39:21 Error: [MissingControllerException] Controller class JsController could not be found.
Exception Attributes: array (
  'class' => 'JsController',
  'plugin' => NULL,
)
Request URL: /cskplay/js/jquery-1.10.2.min.map
Stack Trace:
#0 C:\wamp\www\cskplay\app\webroot\index.php(110): Dispatcher->dispatch(Object(CakeRequest), Object(CakeResponse))
#1 {main}
2013-09-12 16:39:36 Error: [MissingControllerException] Controller class JsController could not be found.
Exception Attributes: array (
  'class' => 'JsController',
  'plugin' => NULL,
)
Request URL: /cskplay/js/jquery-1.10.2.min.map
Stack Trace:
#0 C:\wamp\www\cskplay\app\webroot\index.php(110): Dispatcher->dispatch(Object(CakeRequest), Object(CakeResponse))
#1 {main}
2013-09-12 16:39:37 Error: [MissingControllerException] Controller class JsController could not be found.
Exception Attributes: array (
  'class' => 'JsController',
  'plugin' => NULL,
)
Request URL: /cskplay/js/jquery-1.10.2.min.map
Stack Trace:
#0 C:\wamp\www\cskplay\app\webroot\index.php(110): Dispatcher->dispatch(Object(CakeRequest), Object(CakeResponse))
#1 {main}
2013-09-12 16:39:43 Error: [MissingControllerException] Controller class JsController could not be found.
Exception Attributes: array (
  'class' => 'JsController',
  'plugin' => NULL,
)
Request URL: /cskplay/js/jquery-1.10.2.min.map
Stack Trace:
#0 C:\wamp\www\cskplay\app\webroot\index.php(110): Dispatcher->dispatch(Object(CakeRequest), Object(CakeResponse))
#1 {main}
2013-09-12 16:39:44 Error: [MissingControllerException] Controller class JsController could not be found.
Exception Attributes: array (
  'class' => 'JsController',
  'plugin' => NULL,
)
Request URL: /cskplay/js/jquery-1.10.2.min.map
Stack Trace:
#0 C:\wamp\www\cskplay\app\webroot\index.php(110): Dispatcher->dispatch(Object(CakeRequest), Object(CakeResponse))
#1 {main}
2013-09-12 16:39:47 Error: [MissingControllerException] Controller class JsController could not be found.
Exception Attributes: array (
  'class' => 'JsController',
  'plugin' => NULL,
)
Request URL: /cskplay/js/jquery-1.10.2.min.map
Stack Trace:
#0 C:\wamp\www\cskplay\app\webroot\index.php(110): Dispatcher->dispatch(Object(CakeRequest), Object(CakeResponse))
#1 {main}
